Copyright 1986-2020 Xilinx, Inc. All Rights Reserved.
-------------------------------------------------------------------------------------------------------------------------------
| Tool Version     : Vivado v.2020.2 (win64) Build 3064766 Wed Nov 18 09:12:45 MST 2020
| Date             : Mon Nov 22 08:37:20 2021
| Host             : LAPTOP-7F5OQ7U4 running 64-bit major release  (build 9200)
| Command          : report_power -file top_power_routed.rpt -pb top_power_summary_routed.pb -rpx top_power_routed.rpx
| Design           : top
| Device           : xc7k325tffg676-2L
| Design State     : routed
| Grade            : extended
| Process          : typical
| Characterization : Production
-------------------------------------------------------------------------------------------------------------------------------

Power Report

Table of Contents
-----------------
1. Summary
1.1 On-Chip Components
1.2 Power Supply Summary
1.3 Confidence Level
2. Settings
2.1 Environment
2.2 Clock Constraints
3. Detailed Reports
3.1 By Hierarchy

1. Summary
----------

+--------------------------+--------------+
| Total On-Chip Power (W)  | 0.302        |
| Design Power Budget (W)  | Unspecified* |
| Power Budget Margin (W)  | NA           |
| Dynamic (W)              | 0.138        |
| Device Static (W)        | 0.164        |
| Effective TJA (C/W)      | 1.9          |
| Max Ambient (C)          | 99.4         |
| Junction Temperature (C) | 25.6         |
| Confidence Level         | Low          |
| Setting File             | ---          |
| Simulation Activity File | ---          |
| Design Nets Matched      | NA           |
+--------------------------+--------------+
* Specify Design Power Budget using, set_operating_conditions -design_power_budget <value in Watts>


1.1 On-Chip Components
----------------------

+--------------------------+-----------+----------+-----------+-----------------+
| On-Chip                  | Power (W) | Used     | Available | Utilization (%) |
+--------------------------+-----------+----------+-----------+-----------------+
| Clocks                   |     0.016 |        7 |       --- |             --- |
| Slice Logic              |     0.003 |    46069 |       --- |             --- |
|   LUT as Logic           |     0.003 |    28906 |    203800 |           14.18 |
|   Register               |    <0.001 |    11108 |    407600 |            2.73 |
|   LUT as Distributed RAM |    <0.001 |      176 |     64000 |            0.28 |
|   F7/F8 Muxes            |    <0.001 |     2893 |    203800 |            1.42 |
|   CARRY4                 |    <0.001 |       78 |     50950 |            0.15 |
|   BUFG                   |    <0.001 |        6 |        32 |           18.75 |
|   Others                 |     0.000 |      204 |       --- |             --- |
|   LUT as Shift Register  |     0.000 |        7 |     64000 |            0.01 |
| Signals                  |     0.003 |    33273 |       --- |             --- |
| Block RAM                |     0.001 |      2.5 |       445 |            0.56 |
| MMCM                     |     0.107 |        1 |        10 |           10.00 |
| I/O                      |     0.007 |       45 |       400 |           11.25 |
| Static Power             |     0.164 |          |           |                 |
| Total                    |     0.302 |          |           |                 |
+--------------------------+-----------+----------+-----------+-----------------+


1.2 Power Supply Summary
------------------------

+-----------+-------------+-----------+-------------+------------+-------------+-------------+------------+
| Source    | Voltage (V) | Total (A) | Dynamic (A) | Static (A) | Powerup (A) | Budget (A)  | Margin (A) |
+-----------+-------------+-----------+-------------+------------+-------------+-------------+------------+
| Vccint    |       1.000 |     0.094 |       0.025 |      0.069 |       NA    | Unspecified | NA         |
| Vccaux    |       1.800 |     0.089 |       0.061 |      0.028 |       NA    | Unspecified | NA         |
| Vcco33    |       3.300 |     0.002 |       0.001 |      0.001 |       NA    | Unspecified | NA         |
| Vcco25    |       2.500 |     0.000 |       0.000 |      0.000 |       NA    | Unspecified | NA         |
| Vcco18    |       1.800 |     0.001 |       0.000 |      0.001 |       NA    | Unspecified | NA         |
| Vcco15    |       1.500 |     0.001 |       0.000 |      0.001 |       NA    | Unspecified | NA         |
| Vcco135   |       1.350 |     0.000 |       0.000 |      0.000 |       NA    | Unspecified | NA         |
| Vcco12    |       1.200 |     0.000 |       0.000 |      0.000 |       NA    | Unspecified | NA         |
| Vccaux_io |       1.800 |     0.000 |       0.000 |      0.000 |       NA    | Unspecified | NA         |
| Vccbram   |       1.000 |     0.001 |       0.000 |      0.001 |       NA    | Unspecified | NA         |
| MGTAVcc   |       1.000 |     0.000 |       0.000 |      0.000 |       NA    | Unspecified | NA         |
| MGTAVtt   |       1.200 |     0.000 |       0.000 |      0.000 |       NA    | Unspecified | NA         |
| MGTVccaux |       1.800 |     0.000 |       0.000 |      0.000 |       NA    | Unspecified | NA         |
| Vccadc    |       1.800 |     0.020 |       0.000 |      0.020 |       NA    | Unspecified | NA         |
+-----------+-------------+-----------+-------------+------------+-------------+-------------+------------+


1.3 Confidence Level
--------------------

+-----------------------------+------------+--------------------------------------------------------+--------------------------------------------------------------------------------------------------------------------+
| User Input Data             | Confidence | Details                                                | Action                                                                                                             |
+-----------------------------+------------+--------------------------------------------------------+--------------------------------------------------------------------------------------------------------------------+
| Design implementation state | High       | Design is routed                                       |                                                                                                                    |
| Clock nodes activity        | Medium     | More than 5% of clocks are missing user specification  | Provide missing clock activity with a constraint file, simulation results or by editing the "By Clock Domain" view |
| I/O nodes activity          | Low        | More than 75% of inputs are missing user specification | Provide missing input activity with simulation results or by editing the "By Resource Type -> I/Os" view           |
| Internal nodes activity     | Medium     | User specified less than 25% of internal nodes         | Provide missing internal nodes activity with simulation results or by editing the "By Resource Type" views         |
| Device models               | High       | Device models are Production                           |                                                                                                                    |
|                             |            |                                                        |                                                                                                                    |
| Overall confidence level    | Low        |                                                        |                                                                                                                    |
+-----------------------------+------------+--------------------------------------------------------+--------------------------------------------------------------------------------------------------------------------+


2. Settings
-----------

2.1 Environment
---------------

+-----------------------+--------------------------+
| Ambient Temp (C)      | 25.0                     |
| ThetaJA (C/W)         | 1.9                      |
| Airflow (LFM)         | 250                      |
| Heat Sink             | medium (Medium Profile)  |
| ThetaSA (C/W)         | 3.4                      |
| Board Selection       | medium (10"x10")         |
| # of Board Layers     | 12to15 (12 to 15 Layers) |
| Board Temperature (C) | 25.0                     |
+-----------------------+--------------------------+


2.2 Clock Constraints
---------------------

+------------+------------------+-----------------+
| Clock      | Domain           | Constraint (ns) |
+------------+------------------+-----------------+
| CLK_200M_P | CLK_200M_P       |             5.0 |
| clkfbout   | CLK_GEN/clkfbout |             5.0 |
| clkout0    | CLK_GEN/clkout0  |            10.0 |
| clkout2    | CLK_GEN/clkout2  |            40.0 |
| clkout3    | CLK_GEN/clkout3  |           100.0 |
+------------+------------------+-----------------+


3. Detailed Reports
-------------------

3.1 By Hierarchy
----------------

+---------------+-----------+
| Name          | Power (W) |
+---------------+-----------+
| top           |     0.138 |
|   CLK_DIFF    |     0.004 |
|   CLK_GEN     |     0.110 |
|   core        |     0.014 |
|     CMU       |     0.013 |
|       CACHE   |     0.013 |
|   vga         |     0.006 |
|     FONT_8X16 |     0.001 |
|     U12       |     0.001 |
+---------------+-----------+


